# JRE version: OpenJDK Runtime Environment GraalVM CE 22.3.0 (17.0.5+8) (build 17.0.5+8-jvmci-22.3-b08)
# Java VM: OpenJDK 64-Bit Server VM GraalVM CE 22.3.0 (17.0.5+8-jvmci-22.3-b08, mixed mode, sharing, tiered, jvmci, jvmci compiler, compressed oops, compressed class ptrs, parallel gc, linux-amd64)
GC Precious Log:
 CPUs: 8 total, 1 available
 Memory: 1024M
 Large Page Support: Disabled
 NUMA Support: Disabled
 Compressed Oops: Enabled (32-bit)
 Alignments: Space 512K, Generation 512K, Heap 2M
 Heap Min Capacity: 100M
 Heap Initial Capacity: 100M
 Heap Max Capacity: 512M
 Pre-touch: Disabled
 Parallel Workers: 1
Heap:
 PSYoungGen      total 32768K, used 23040K [0x00000000f5580000, 0x00000000f8100000, 0x0000000100000000)
  eden space 23040K, 100% used [0x00000000f5580000,0x00000000f6c00000,0x00000000f6c00000)
  from space 9728K, 0% used [0x00000000f6c00000,0x00000000f6c00000,0x00000000f7580000)
  to   space 7168K, 0% used [0x00000000f7580000,0x00000000f7580000,0x00000000f7c80000)
 ParOldGen       total 349696K, used 349694K [0x00000000e0000000, 0x00000000f5580000, 0x00000000f5580000)
  object space 349696K, 99% used [0x00000000e0000000,0x00000000f557fbc8,0x00000000f5580000)
 Metaspace       used 63388K, committed 64576K, reserved 1114112K
  class space    used 6112K, committed 6592K, reserved 1048576K
GC Heap History (20 events):
Event: 742.612 GC heap before
{Heap before GC invocations=633 (full 476):
 PSYoungGen      total 32768K, used 23040K [0x00000000f5580000, 0x00000000f8100000, 0x0000000100000000)
  eden space 23040K, 100% used [0x00000000f5580000,0x00000000f6c00000,0x00000000f6c00000)
  from space 9728K, 0% used [0x00000000f6c00000,0x00000000f6c00000,0x00000000f7580000)
  to   space 7168K, 0% used [0x00000000f7580000,0x00000000f7580000,0x00000000f7c80000)
 ParOldGen       total 349696K, used 349692K [0x00000000e0000000, 0x00000000f5580000, 0x00000000f5580000)
  object space 349696K, 99% used [0x00000000e0000000,0x00000000f557f220,0x00000000f5580000)
 Metaspace       used 63388K, committed 64576K, reserved 1114112K
  class space    used 6112K, committed 6592K, reserved 1048576K
}
Event: 743.614 GC heap after
{Heap after GC invocations=633 (full 476):
 PSYoungGen      total 30208K, used 23039K [0x00000000f5580000, 0x00000000f8100000, 0x0000000100000000)
  eden space 23040K, 99% used [0x00000000f5580000,0x00000000f6bfffb0,0x00000000f6c00000)
  from space 7168K, 0% used [0x00000000f7580000,0x00000000f7580000,0x00000000f7c80000)
  to   space 9728K, 0% used [0x00000000f6c00000,0x00000000f6c00000,0x00000000f7580000)
 ParOldGen       total 349696K, used 349692K [0x00000000e0000000, 0x00000000f5580000, 0x00000000f5580000)
  object space 349696K, 99% used [0x00000000e0000000,0x00000000f557f220,0x00000000f5580000)
 Metaspace       used 63388K, committed 64576K, reserved 1114112K
  class space    used 6112K, committed 6592K, reserved 1048576K
}
Event: 743.614 GC heap before
{Heap before GC invocations=634 (full 477):
 PSYoungGen      total 30208K, used 23040K [0x00000000f5580000, 0x00000000f8100000, 0x0000000100000000)
  eden space 23040K, 100% used [0x00000000f5580000,0x00000000f6c00000,0x00000000f6c00000)
  from space 7168K, 0% used [0x00000000f7580000,0x00000000f7580000,0x00000000f7c80000)
  to   space 9728K, 0% used [0x00000000f6c00000,0x00000000f6c00000,0x00000000f7580000)
 ParOldGen       total 349696K, used 349692K [0x00000000e0000000, 0x00000000f5580000, 0x00000000f5580000)
  object space 349696K, 99% used [0x00000000e0000000,0x00000000f557f220,0x00000000f5580000)
 Metaspace       used 63388K, committed 64576K, reserved 1114112K
  class space    used 6112K, committed 6592K, reserved 1048576K
}
Event: 744.712 GC heap after
{Heap after GC invocations=634 (full 477):
 PSYoungGen      total 32768K, used 23039K [0x00000000f5580000, 0x00000000f8100000, 0x0000000100000000)
  eden space 23040K, 99% used [0x00000000f5580000,0x00000000f6bfffb0,0x00000000f6c00000)
  from space 9728K, 0% used [0x00000000f6c00000,0x00000000f6c00000,0x00000000f7580000)
  to   space 7168K, 0% used [0x00000000f7580000,0x00000000f7580000,0x00000000f7c80000)
 ParOldGen       total 349696K, used 349692K [0x00000000e0000000, 0x00000000f5580000, 0x00000000f5580000)
  object space 349696K, 99% used [0x00000000e0000000,0x00000000f557f220,0x00000000f5580000)
 Metaspace       used 63388K, committed 64576K, reserved 1114112K
  class space    used 6112K, committed 6592K, reserved 1048576K
}
Event: 744.712 GC heap before
{Heap before GC invocations=635 (full 478):
 PSYoungGen      total 32768K, used 23039K [0x00000000f5580000, 0x00000000f8100000, 0x0000000100000000)
  eden space 23040K, 99% used [0x00000000f5580000,0x00000000f6bffff8,0x00000000f6c00000)
  from space 9728K, 0% used [0x00000000f6c00000,0x00000000f6c00000,0x00000000f7580000)
  to   space 7168K, 0% used [0x00000000f7580000,0x00000000f7580000,0x00000000f7c80000)
 ParOldGen       total 349696K, used 349692K [0x00000000e0000000, 0x00000000f5580000, 0x00000000f5580000)
  object space 349696K, 99% used [0x00000000e0000000,0x00000000f557f220,0x00000000f5580000)
 Metaspace       used 63388K, committed 64576K, reserved 1114112K
  class space    used 6112K, committed 6592K, reserved 1048576K
}
Event: 745.887 GC heap after
{Heap after GC invocations=635 (full 478):
 PSYoungGen      total 30208K, used 23039K [0x00000000f5580000, 0x00000000f8100000, 0x0000000100000000)
  eden space 23040K, 99% used [0x00000000f5580000,0x00000000f6bfffa8,0x00000000f6c00000)
  from space 7168K, 0% used [0x00000000f7580000,0x00000000f7580000,0x00000000f7c80000)
  to   space 9728K, 0% used [0x00000000f6c00000,0x00000000f6c00000,0x00000000f7580000)
 ParOldGen       total 349696K, used 349692K [0x00000000e0000000, 0x00000000f5580000, 0x00000000f5580000)
  object space 349696K, 99% used [0x00000000e0000000,0x00000000f557f220,0x00000000f5580000)
 Metaspace       used 63388K, committed 64576K, reserved 1114112K
  class space    used 6112K, committed 6592K, reserved 1048576K
}
Event: 745.887 GC heap before
{Heap before GC invocations=636 (full 479):
 PSYoungGen      total 30208K, used 23039K [0x00000000f5580000, 0x00000000f8100000, 0x0000000100000000)
  eden space 23040K, 99% used [0x00000000f5580000,0x00000000f6bffff8,0x00000000f6c00000)
  from space 7168K, 0% used [0x00000000f7580000,0x00000000f7580000,0x00000000f7c80000)
  to   space 9728K, 0% used [0x00000000f6c00000,0x00000000f6c00000,0x00000000f7580000)
 ParOldGen       total 349696K, used 349692K [0x00000000e0000000, 0x00000000f5580000, 0x00000000f5580000)
  object space 349696K, 99% used [0x00000000e0000000,0x00000000f557f220,0x00000000f5580000)
 Metaspace       used 63388K, committed 64576K, reserved 1114112K
  class space    used 6112K, committed 6592K, reserved 1048576K
}
Event: 747.012 GC heap after
{Heap after GC invocations=636 (full 479):
 PSYoungGen      total 32768K, used 23039K [0x00000000f5580000, 0x00000000f8100000, 0x0000000100000000)
  eden space 23040K, 99% used [0x00000000f5580000,0x00000000f6bfff98,0x00000000f6c00000)
  from space 9728K, 0% used [0x00000000f6c00000,0x00000000f6c00000,0x00000000f7580000)
  to   space 7168K, 0% used [0x00000000f7580000,0x00000000f7580000,0x00000000f7c80000)
 ParOldGen       total 349696K, used 349692K [0x00000000e0000000, 0x00000000f5580000, 0x00000000f5580000)
  object space 349696K, 99% used [0x00000000e0000000,0x00000000f557f220,0x00000000f5580000)
 Metaspace       used 63388K, committed 64576K, reserved 1114112K
  class space    used 6112K, committed 6592K, reserved 1048576K
}
Event: 747.012 GC heap before
{Heap before GC invocations=637 (full 480):
 PSYoungGen      total 32768K, used 23039K [0x00000000f5580000, 0x00000000f8100000, 0x0000000100000000)
  eden space 23040K, 99% used [0x00000000f5580000,0x00000000f6bffff8,0x00000000f6c00000)
  from space 9728K, 0% used [0x00000000f6c00000,0x00000000f6c00000,0x00000000f7580000)
  to   space 7168K, 0% used [0x00000000f7580000,0x00000000f7580000,0x00000000f7c80000)
 ParOldGen       total 349696K, used 349692K [0x00000000e0000000, 0x00000000f5580000, 0x00000000f5580000)
  object space 349696K, 99% used [0x00000000e0000000,0x00000000f557f220,0x00000000f5580000)
 Metaspace       used 63388K, committed 64576K, reserved 1114112K
  class space    used 6112K, committed 6592K, reserved 1048576K
}
Event: 748.292 GC heap after
{Heap after GC invocations=637 (full 480):
 PSYoungGen      total 30208K, used 23039K [0x00000000f5580000, 0x00000000f8100000, 0x0000000100000000)
  eden space 23040K, 99% used [0x00000000f5580000,0x00000000f6bfff98,0x00000000f6c00000)
  from space 7168K, 0% used [0x00000000f7580000,0x00000000f7580000,0x00000000f7c80000)
  to   space 9728K, 0% used [0x00000000f6c00000,0x00000000f6c00000,0x00000000f7580000)
 ParOldGen       total 349696K, used 349692K [0x00000000e0000000, 0x00000000f5580000, 0x00000000f5580000)
  object space 349696K, 99% used [0x00000000e0000000,0x00000000f557f220,0x00000000f5580000)
 Metaspace       used 63388K, committed 64576K, reserved 1114112K
  class space    used 6112K, committed 6592K, reserved 1048576K
}
Event: 748.293 GC heap before
{Heap before GC invocations=638 (full 481):
 PSYoungGen      total 30208K, used 23039K [0x00000000f5580000, 0x00000000f8100000, 0x0000000100000000)
  eden space 23040K, 99% used [0x00000000f5580000,0x00000000f6bffff8,0x00000000f6c00000)
  from space 7168K, 0% used [0x00000000f7580000,0x00000000f7580000,0x00000000f7c80000)
  to   space 9728K, 0% used [0x00000000f6c00000,0x00000000f6c00000,0x00000000f7580000)
 ParOldGen       total 349696K, used 349692K [0x00000000e0000000, 0x00000000f5580000, 0x00000000f5580000)
  object space 349696K, 99% used [0x00000000e0000000,0x00000000f557f220,0x00000000f5580000)
 Metaspace       used 63388K, committed 64576K, reserved 1114112K
  class space    used 6112K, committed 6592K, reserved 1048576K
}
Event: 749.614 GC heap after
{Heap after GC invocations=638 (full 481):
 PSYoungGen      total 32768K, used 23039K [0x00000000f5580000, 0x00000000f8100000, 0x0000000100000000)
  eden space 23040K, 99% used [0x00000000f5580000,0x00000000f6bfff98,0x00000000f6c00000)
  from space 9728K, 0% used [0x00000000f6c00000,0x00000000f6c00000,0x00000000f7580000)
  to   space 7168K, 0% used [0x00000000f7580000,0x00000000f7580000,0x00000000f7c80000)
 ParOldGen       total 349696K, used 349692K [0x00000000e0000000, 0x00000000f5580000, 0x00000000f5580000)
  object space 349696K, 99% used [0x00000000e0000000,0x00000000f557f220,0x00000000f5580000)
 Metaspace       used 63388K, committed 64576K, reserved 1114112K
  class space    used 6112K, committed 6592K, reserved 1048576K
}
Event: 749.614 GC heap before
{Heap before GC invocations=639 (full 482):
 PSYoungGen      total 32768K, used 23039K [0x00000000f5580000, 0x00000000f8100000, 0x0000000100000000)
  eden space 23040K, 99% used [0x00000000f5580000,0x00000000f6bffff8,0x00000000f6c00000)
  from space 9728K, 0% used [0x00000000f6c00000,0x00000000f6c00000,0x00000000f7580000)
  to   space 7168K, 0% used [0x00000000f7580000,0x00000000f7580000,0x00000000f7c80000)
 ParOldGen       total 349696K, used 349692K [0x00000000e0000000, 0x00000000f5580000, 0x00000000f5580000)
  object space 349696K, 99% used [0x00000000e0000000,0x00000000f557f220,0x00000000f5580000)
 Metaspace       used 63388K, committed 64576K, reserved 1114112K
  class space    used 6112K, committed 6592K, reserved 1048576K
}
Event: 750.704 GC heap after
{Heap after GC invocations=639 (full 482):
 PSYoungGen      total 30208K, used 23039K [0x00000000f5580000, 0x00000000f8100000, 0x0000000100000000)
  eden space 23040K, 99% used [0x00000000f5580000,0x00000000f6bfffe0,0x00000000f6c00000)
  from space 7168K, 0% used [0x00000000f7580000,0x00000000f7580000,0x00000000f7c80000)
  to   space 9728K, 0% used [0x00000000f6c00000,0x00000000f6c00000,0x00000000f7580000)
 ParOldGen       total 349696K, used 349692K [0x00000000e0000000, 0x00000000f5580000, 0x00000000f5580000)
  object space 349696K, 99% used [0x00000000e0000000,0x00000000f557f220,0x00000000f5580000)
 Metaspace       used 63388K, committed 64576K, reserved 1114112K
  class space    used 6112K, committed 6592K, reserved 1048576K
}
Event: 750.704 GC heap before
{Heap before GC invocations=640 (full 483):
 PSYoungGen      total 30208K, used 23039K [0x00000000f5580000, 0x00000000f8100000, 0x0000000100000000)
  eden space 23040K, 99% used [0x00000000f5580000,0x00000000f6bffff8,0x00000000f6c00000)
  from space 7168K, 0% used [0x00000000f7580000,0x00000000f7580000,0x00000000f7c80000)
  to   space 9728K, 0% used [0x00000000f6c00000,0x00000000f6c00000,0x00000000f7580000)
 ParOldGen       total 349696K, used 349692K [0x00000000e0000000, 0x00000000f5580000, 0x00000000f5580000)
  object space 349696K, 99% used [0x00000000e0000000,0x00000000f557f220,0x00000000f5580000)
 Metaspace       used 63388K, committed 64576K, reserved 1114112K
  class space    used 6112K, committed 6592K, reserved 1048576K
}
Event: 751.909 GC heap after
{Heap after GC invocations=640 (full 483):
 PSYoungGen      total 32768K, used 23039K [0x00000000f5580000, 0x00000000f8100000, 0x0000000100000000)
  eden space 23040K, 99% used [0x00000000f5580000,0x00000000f6bffff8,0x00000000f6c00000)
  from space 9728K, 0% used [0x00000000f6c00000,0x00000000f6c00000,0x00000000f7580000)
  to   space 7168K, 0% used [0x00000000f7580000,0x00000000f7580000,0x00000000f7c80000)
 ParOldGen       total 349696K, used 349692K [0x00000000e0000000, 0x00000000f5580000, 0x00000000f5580000)
  object space 349696K, 99% used [0x00000000e0000000,0x00000000f557f220,0x00000000f5580000)
 Metaspace       used 63388K, committed 64576K, reserved 1114112K
  class space    used 6112K, committed 6592K, reserved 1048576K
}
Event: 751.909 GC heap before
{Heap before GC invocations=641 (full 484):
 PSYoungGen      total 32768K, used 23039K [0x00000000f5580000, 0x00000000f8100000, 0x0000000100000000)
  eden space 23040K, 99% used [0x00000000f5580000,0x00000000f6bffff8,0x00000000f6c00000)
  from space 9728K, 0% used [0x00000000f6c00000,0x00000000f6c00000,0x00000000f7580000)
  to   space 7168K, 0% used [0x00000000f7580000,0x00000000f7580000,0x00000000f7c80000)
 ParOldGen       total 349696K, used 349694K [0x00000000e0000000, 0x00000000f5580000, 0x00000000f5580000)
  object space 349696K, 99% used [0x00000000e0000000,0x00000000f557f938,0x00000000f5580000)
 Metaspace       used 63388K, committed 64576K, reserved 1114112K
  class space    used 6112K, committed 6592K, reserved 1048576K
}
Event: 753.335 GC heap after
{Heap after GC invocations=641 (full 484):
 PSYoungGen      total 30208K, used 23039K [0x00000000f5580000, 0x00000000f8100000, 0x0000000100000000)
  eden space 23040K, 99% used [0x00000000f5580000,0x00000000f6bfff40,0x00000000f6c00000)
  from space 7168K, 0% used [0x00000000f7580000,0x00000000f7580000,0x00000000f7c80000)
  to   space 9728K, 0% used [0x00000000f6c00000,0x00000000f6c00000,0x00000000f7580000)
 ParOldGen       total 349696K, used 349693K [0x00000000e0000000, 0x00000000f5580000, 0x00000000f5580000)
  object space 349696K, 99% used [0x00000000e0000000,0x00000000f557f7e8,0x00000000f5580000)
 Metaspace       used 63388K, committed 64576K, reserved 1114112K
  class space    used 6112K, committed 6592K, reserved 1048576K
}
Event: 753.335 GC heap before
{Heap before GC invocations=642 (full 485):
 PSYoungGen      total 30208K, used 23039K [0x00000000f5580000, 0x00000000f8100000, 0x0000000100000000)
  eden space 23040K, 99% used [0x00000000f5580000,0x00000000f6bfff40,0x00000000f6c00000)
  from space 7168K, 0% used [0x00000000f7580000,0x00000000f7580000,0x00000000f7c80000)
  to   space 9728K, 0% used [0x00000000f6c00000,0x00000000f6c00000,0x00000000f7580000)
 ParOldGen       total 349696K, used 349693K [0x00000000e0000000, 0x00000000f5580000, 0x00000000f5580000)
  object space 349696K, 99% used [0x00000000e0000000,0x00000000f557f7e8,0x00000000f5580000)
 Metaspace       used 63388K, committed 64576K, reserved 1114112K
  class space    used 6112K, committed 6592K, reserved 1048576K
}
Event: 754.715 GC heap after
{Heap after GC invocations=642 (full 485):
 PSYoungGen      total 32768K, used 23039K [0x00000000f5580000, 0x00000000f8100000, 0x0000000100000000)
  eden space 23040K, 99% used [0x00000000f5580000,0x00000000f6bfff40,0x00000000f6c00000)
  from space 9728K, 0% used [0x00000000f6c00000,0x00000000f6c00000,0x00000000f7580000)
  to   space 7168K, 0% used [0x00000000f7580000,0x00000000f7580000,0x00000000f7c80000)
 ParOldGen       total 349696K, used 349693K [0x00000000e0000000, 0x00000000f5580000, 0x00000000f5580000)
  object space 349696K, 99% used [0x00000000e0000000,0x00000000f557f7e8,0x00000000f5580000)
 Metaspace       used 63388K, committed 64576K, reserved 1114112K
  class space    used 6112K, committed 6592K, reserved 1048576K
}

